<?xml version="1.0" encoding="UTF-8"?>
<!-- Generated by org.testng.reporters.JUnitXMLReporter -->
<testsuite ignored="0" hostname="VINSYSLT0359" failures="1" tests="1" name="Default test" time="103.473" errors="0" timestamp="2026-07-01T18:26:51 IST">
  <testcase classname="com.learnautomation.playwright.base.BaseTest" name="@AfterMethod tearDown" time="0.986">
    <failure type="java.lang.RuntimeException" message="java.lang.NullPointerException: Cannot invoke &amp;quot;String.equalsIgnoreCase(String)&amp;quot; because &amp;quot;name&amp;quot; is null">
      <![CDATA[java.lang.RuntimeException: java.lang.NullPointerException: Cannot invoke "String.equalsIgnoreCase(String)" because "name" is null
at com.learnautomation.playwright.utils.ExcelUtil.writeResult(ExcelUtil.java:72)
at com.learnautomation.playwright.base.BaseTest.tearDown(BaseTest.java:45)
at java.base/jdk.internal.reflect.NativeMethodAccessorImpl.invoke0(Native Method)
at java.base/jdk.internal.reflect.NativeMethodAccessorImpl.invoke(NativeMethodAccessorImpl.java:77)
at java.base/jdk.internal.reflect.DelegatingMethodAccessorImpl.invoke(DelegatingMethodAccessorImpl.java:43)
at java.base/java.lang.reflect.Method.invoke(Method.java:568)
at org.testng.internal.invokers.MethodInvocationHelper.invokeMethod(MethodInvocationHelper.java:141)
at org.testng.internal.invokers.MethodInvocationHelper.invokeMethodConsideringTimeout(MethodInvocationHelper.java:71)
at org.testng.internal.invokers.ConfigInvoker.invokeConfigurationMethod(ConfigInvoker.java:400)
at org.testng.internal.invokers.ConfigInvoker.invokeConfigurations(ConfigInvoker.java:333)
at org.testng.internal.invokers.TestInvoker.runConfigMethods(TestInvoker.java:836)
at org.testng.internal.invokers.TestInvoker.runAfterConfigurations(TestInvoker.java:805)
at org.testng.internal.invokers.TestInvoker.invokeMethod(TestInvoker.java:781)
at org.testng.internal.invokers.TestInvoker.invokeTestMethod(TestInvoker.java:230)
at org.testng.internal.invokers.MethodRunner.runInSequence(MethodRunner.java:63)
at org.testng.internal.invokers.TestInvoker$MethodInvocationAgent.invoke(TestInvoker.java:995)
at org.testng.internal.invokers.TestInvoker.invokeTestMethods(TestInvoker.java:203)
at org.testng.internal.invokers.TestMethodWorker.invokeTestMethods(TestMethodWorker.java:154)
at org.testng.internal.invokers.TestMethodWorker.run(TestMethodWorker.java:134)
at java.base/java.util.ArrayList.forEach(ArrayList.java:1511)
at org.testng.TestRunner.privateRun(TestRunner.java:741)
at org.testng.TestRunner.run(TestRunner.java:616)
at org.testng.SuiteRunner.runTest(SuiteRunner.java:421)
at org.testng.SuiteRunner.runSequentially(SuiteRunner.java:413)
at org.testng.SuiteRunner.privateRun(SuiteRunner.java:373)
at org.testng.SuiteRunner.run(SuiteRunner.java:312)
at org.testng.SuiteRunnerWorker.runSuite(SuiteRunnerWorker.java:52)
at org.testng.SuiteRunnerWorker.run(SuiteRunnerWorker.java:95)
at org.testng.TestNG.runSuitesSequentially(TestNG.java:1274)
at org.testng.TestNG.runSuitesLocally(TestNG.java:1208)
at org.testng.TestNG.runSuites(TestNG.java:1112)
at org.testng.TestNG.run(TestNG.java:1079)
at org.testng.remote.AbstractRemoteTestNG.run(AbstractRemoteTestNG.java:115)
at org.testng.remote.RemoteTestNG.initAndRun(RemoteTestNG.java:293)
at org.testng.remote.RemoteTestNG.main(RemoteTestNG.java:91)
Caused by: java.lang.NullPointerException: Cannot invoke "String.equalsIgnoreCase(String)" because "name" is null
at org.apache.poi.xssf.usermodel.XSSFWorkbook.getSheet(XSSFWorkbook.java:1220)
at org.apache.poi.xssf.usermodel.XSSFWorkbook.getSheet(XSSFWorkbook.java:110)
at com.learnautomation.playwright.utils.ExcelUtil.writeResult(ExcelUtil.java:53)
... 34 more
]]>
    </failure>
  </testcase> <!-- @AfterMethod tearDown -->
  <testcase classname="com.learnautomation.playwright.base.BaseTest" name="@AfterClass closeBrowser" time="0.0">
    <skipped/>
  </testcase> <!-- @AfterClass closeBrowser -->
  <testcase classname="com.learnautomation.playwright.tests.SignUpTest" name="SignUpTest" time="31.273">
    <failure type="com.microsoft.playwright.TimeoutError" message="Error {
  message=&amp;apos;Timeout 30000ms exceeded.
  name=&amp;apos;TimeoutError
  stack=&amp;apos;TimeoutError: Timeout 30000ms exceeded.
    at _ProgressController.run (C:\Users\YOGESH~1.POT\AppData\Local\Temp\playwright-java-6422379306734906263\package\lib\coreBundle.js:12962:32)
    at _FrameDispatcher._runCommand (C:\Users\YOGESH~1.POT\AppData\Local\Temp\playwright-java-6422379306734906263\package\lib\coreBundle.js:24019:35)
    at DispatcherConnection.dispatch (C:\Users\YOGESH~1.POT\AppData\Local\Temp\playwright-java-6422379306734906263\package\lib\coreBundle.js:24253:44)
}
Call log:
-   - waiting for getByLabel(&amp;quot;Python&amp;quot;)
">
      <![CDATA[com.microsoft.playwright.TimeoutError: Error {
  message='Timeout 30000ms exceeded.
  name='TimeoutError
  stack='TimeoutError: Timeout 30000ms exceeded.
    at _ProgressController.run (C:\Users\YOGESH~1.POT\AppData\Local\Temp\playwright-java-6422379306734906263\package\lib\coreBundle.js:12962:32)
    at _FrameDispatcher._runCommand (C:\Users\YOGESH~1.POT\AppData\Local\Temp\playwright-java-6422379306734906263\package\lib\coreBundle.js:24019:35)
    at DispatcherConnection.dispatch (C:\Users\YOGESH~1.POT\AppData\Local\Temp\playwright-java-6422379306734906263\package\lib\coreBundle.js:24253:44)
}
Call log:
-   - waiting for getByLabel("Python")

at com.microsoft.playwright.impl.WaitableResult.get(WaitableResult.java:52)
at com.microsoft.playwright.impl.ChannelOwner.runUntil(ChannelOwner.java:138)
at com.microsoft.playwright.impl.Connection.sendMessage(Connection.java:131)
at com.microsoft.playwright.impl.ChannelOwner.sendMessage(ChannelOwner.java:124)
at com.microsoft.playwright.impl.FrameImpl.check(FrameImpl.java:222)
at com.microsoft.playwright.impl.LocatorImpl.check(LocatorImpl.java:159)
at com.microsoft.playwright.Locator.check(Locator.java:2564)
at com.learnautomation.playwright.pages.SignUpPage.selectInterests(SignUpPage.java:51)
at com.learnautomation.playwright.tests.SignUpTest.SignUpTest(SignUpTest.java:21)
at java.base/jdk.internal.reflect.NativeMethodAccessorImpl.invoke0(Native Method)
at java.base/jdk.internal.reflect.NativeMethodAccessorImpl.invoke(NativeMethodAccessorImpl.java:77)
at java.base/jdk.internal.reflect.DelegatingMethodAccessorImpl.invoke(DelegatingMethodAccessorImpl.java:43)
at java.base/java.lang.reflect.Method.invoke(Method.java:568)
at org.testng.internal.invokers.MethodInvocationHelper.invokeMethod(MethodInvocationHelper.java:141)
at org.testng.internal.invokers.TestInvoker.invokeMethod(TestInvoker.java:687)
at org.testng.internal.invokers.TestInvoker.invokeTestMethod(TestInvoker.java:230)
at org.testng.internal.invokers.MethodRunner.runInSequence(MethodRunner.java:63)
at org.testng.internal.invokers.TestInvoker$MethodInvocationAgent.invoke(TestInvoker.java:995)
at org.testng.internal.invokers.TestInvoker.invokeTestMethods(TestInvoker.java:203)
at org.testng.internal.invokers.TestMethodWorker.invokeTestMethods(TestMethodWorker.java:154)
at org.testng.internal.invokers.TestMethodWorker.run(TestMethodWorker.java:134)
at java.base/java.util.ArrayList.forEach(ArrayList.java:1511)
at org.testng.TestRunner.privateRun(TestRunner.java:741)
at org.testng.TestRunner.run(TestRunner.java:616)
at org.testng.SuiteRunner.runTest(SuiteRunner.java:421)
at org.testng.SuiteRunner.runSequentially(SuiteRunner.java:413)
at org.testng.SuiteRunner.privateRun(SuiteRunner.java:373)
at org.testng.SuiteRunner.run(SuiteRunner.java:312)
at org.testng.SuiteRunnerWorker.runSuite(SuiteRunnerWorker.java:52)
at org.testng.SuiteRunnerWorker.run(SuiteRunnerWorker.java:95)
at org.testng.TestNG.runSuitesSequentially(TestNG.java:1274)
at org.testng.TestNG.runSuitesLocally(TestNG.java:1208)
at org.testng.TestNG.runSuites(TestNG.java:1112)
at org.testng.TestNG.run(TestNG.java:1079)
at org.testng.remote.AbstractRemoteTestNG.run(AbstractRemoteTestNG.java:115)
at org.testng.remote.RemoteTestNG.initAndRun(RemoteTestNG.java:293)
at org.testng.remote.RemoteTestNG.main(RemoteTestNG.java:91)
Caused by: com.microsoft.playwright.TimeoutError: Error {
  message='Timeout 30000ms exceeded.
  name='TimeoutError
  stack='TimeoutError: Timeout 30000ms exceeded.
    at _ProgressController.run (C:\Users\YOGESH~1.POT\AppData\Local\Temp\playwright-java-6422379306734906263\package\lib\coreBundle.js:12962:32)
    at _FrameDispatcher._runCommand (C:\Users\YOGESH~1.POT\AppData\Local\Temp\playwright-java-6422379306734906263\package\lib\coreBundle.js:24019:35)
    at DispatcherConnection.dispatch (C:\Users\YOGESH~1.POT\AppData\Local\Temp\playwright-java-6422379306734906263\package\lib\coreBundle.js:24253:44)
}
Call log:
-   - waiting for getByLabel("Python")

at com.microsoft.playwright.impl.Connection.dispatch(Connection.java:257)
at com.microsoft.playwright.impl.Connection.processOneMessage(Connection.java:214)
at com.microsoft.playwright.impl.ChannelOwner.runUntil(ChannelOwner.java:136)
... 35 more
]]>
    </failure>
  </testcase> <!-- SignUpTest -->
</testsuite> <!-- Default test -->
